This is pdfTeX, Version 3.141592653-2.6-1.40.25 (TeX Live 2023) (preloaded format=pdflatex 2023.10.14)  14 OCT 2023 19:38
entering extended mode
 restricted \write18 enabled.
 file:line:error style messages enabled.
 %&-line parsing enabled.
**"/Users/benvigoda/src/Inductive Transformers Vigoda Rochais 2.0/main.tex"
(/Users/benvigoda/src/Inductive Transformers Vigoda Rochais 2.0/main.tex
LaTeX2e <2022-11-01> patch level 1
L3 programming layer <2023-02-22> (/usr/local/texlive/2023/texmf-dist/tex/latex/base/article.cls
Document Class: article 2022/07/02 v1.4n Standard LaTeX document class
(/usr/local/texlive/2023/texmf-dist/tex/latex/base/size10.clo
File: size10.clo 2022/07/02 v1.4n Standard LaTeX file (size option)
)
\c@part=\count185
\c@section=\count186
\c@subsection=\count187
\c@subsubsection=\count188
\c@paragraph=\count189
\c@subparagraph=\count190
\c@figure=\count191
\c@table=\count192
\abovecaptionskip=\skip48
\belowcaptionskip=\skip49
\bibindent=\dimen140
) (/usr/local/texlive/2023/texmf-dist/tex/latex/graphics/graphicx.sty
Package: graphicx 2021/09/16 v1.2d Enhanced LaTeX Graphics (DPC,SPQR)
 (/usr/local/texlive/2023/texmf-dist/tex/latex/graphics/keyval.sty
Package: keyval 2022/05/29 v1.15 key=value parser (DPC)
\KV@toks@=\toks16
) (/usr/local/texlive/2023/texmf-dist/tex/latex/graphics/graphics.sty
Package: graphics 2022/03/10 v1.4e Standard LaTeX Graphics (DPC,SPQR)
 (/usr/local/texlive/2023/texmf-dist/tex/latex/graphics/trig.sty
Package: trig 2021/08/11 v1.11 sin cos tan (DPC)
) (/usr/local/texlive/2023/texmf-dist/tex/latex/graphics-cfg/graphics.cfg
File: graphics.cfg 2016/06/04 v1.11 sample graphics configuration
)
Package graphics Info: Driver file: pdftex.def on input line 107.
 (/usr/local/texlive/2023/texmf-dist/tex/latex/graphics-def/pdftex.def
File: pdftex.def 2022/09/22 v1.2b Graphics/color driver for pdftex
))
\Gin@req@height=\dimen141
\Gin@req@width=\dimen142
) (/usr/local/texlive/2023/texmf-dist/tex/latex/listings/listings.sty
\lst@mode=\count193
\lst@gtempboxa=\box51
\lst@token=\toks17
\lst@length=\count194
\lst@currlwidth=\dimen143
\lst@column=\count195
\lst@pos=\count196
\lst@lostspace=\dimen144
\lst@width=\dimen145
\lst@newlines=\count197
\lst@lineno=\count198
\lst@maxwidth=\dimen146
 (/usr/local/texlive/2023/texmf-dist/tex/latex/listings/lstmisc.sty
File: lstmisc.sty 2023/02/27 1.9 (Carsten Heinz)
\c@lstnumber=\count199
\lst@skipnumbers=\count266
\lst@framebox=\box52
) (/usr/local/texlive/2023/texmf-dist/tex/latex/listings/listings.cfg
File: listings.cfg 2023/02/27 1.9 listings configuration
))
Package: listings 2023/02/27 1.9 (Carsten Heinz)
 (/usr/local/texlive/2023/texmf-dist/tex/latex/makecell/makecell.sty
Package: makecell 2009/08/03 V0.1e Managing of Tab Column Heads and Cells
 (/usr/local/texlive/2023/texmf-dist/tex/latex/tools/array.sty
Package: array 2022/09/04 v2.5g Tabular extension package (FMi)
\col@sep=\dimen147
\ar@mcellbox=\box53
\extrarowheight=\dimen148
\NC@list=\toks18
\extratabsurround=\skip50
\backup@length=\skip51
\ar@cellbox=\box54
)
\rotheadsize=\dimen149
\c@nlinenum=\count267
\TeXr@lab=\toks19
) (/usr/local/texlive/2023/texmf-dist/tex/latex/amsmath/amsmath.sty
Package: amsmath 2022/04/08 v2.17n AMS math features
\@mathmargin=\skip52

For additional information on amsmath, use the `?' option.
(/usr/local/texlive/2023/texmf-dist/tex/latex/amsmath/amstext.sty
Package: amstext 2021/08/26 v2.01 AMS text
 (/usr/local/texlive/2023/texmf-dist/tex/latex/amsmath/amsgen.sty
File: amsgen.sty 1999/11/30 v2.0 generic functions
\@emptytoks=\toks20
\ex@=\dimen150
)) (/usr/local/texlive/2023/texmf-dist/tex/latex/amsmath/amsbsy.sty
Package: amsbsy 1999/11/29 v1.2d Bold Symbols
\pmbraise@=\dimen151
) (/usr/local/texlive/2023/texmf-dist/tex/latex/amsmath/amsopn.sty
Package: amsopn 2022/04/08 v2.04 operator names
)
\inf@bad=\count268
LaTeX Info: Redefining \frac on input line 234.
\uproot@=\count269
\leftroot@=\count270
LaTeX Info: Redefining \overline on input line 399.
LaTeX Info: Redefining \colon on input line 410.
\classnum@=\count271
\DOTSCASE@=\count272
LaTeX Info: Redefining \ldots on input line 496.
LaTeX Info: Redefining \dots on input line 499.
LaTeX Info: Redefining \cdots on input line 620.
\Mathstrutbox@=\box55
\strutbox@=\box56
LaTeX Info: Redefining \big on input line 722.
LaTeX Info: Redefining \Big on input line 723.
LaTeX Info: Redefining \bigg on input line 724.
LaTeX Info: Redefining \Bigg on input line 725.
\big@size=\dimen152
LaTeX Font Info:    Redeclaring font encoding OML on input line 743.
LaTeX Font Info:    Redeclaring font encoding OMS on input line 744.
\macc@depth=\count273
LaTeX Info: Redefining \bmod on input line 905.
LaTeX Info: Redefining \pmod on input line 910.
LaTeX Info: Redefining \smash on input line 940.
LaTeX Info: Redefining \relbar on input line 970.
LaTeX Info: Redefining \Relbar on input line 971.
\c@MaxMatrixCols=\count274
\dotsspace@=\muskip16
\c@parentequation=\count275
\dspbrk@lvl=\count276
\tag@help=\toks21
\row@=\count277
\column@=\count278
\maxfields@=\count279
\andhelp@=\toks22
\eqnshift@=\dimen153
\alignsep@=\dimen154
\tagshift@=\dimen155
\tagwidth@=\dimen156
\totwidth@=\dimen157
\lineht@=\dimen158
\@envbody=\toks23
\multlinegap=\skip53
\multlinetaggap=\skip54
\mathdisplay@stack=\toks24
LaTeX Info: Redefining \[ on input line 2953.
LaTeX Info: Redefining \] on input line 2954.
) (/usr/local/texlive/2023/texmf-dist/tex/latex/float/float.sty
Package: float 2001/11/08 v1.3d Float enhancements (AL)
\c@float@type=\count280
\float@exts=\toks25
\float@box=\box57
\@float@everytoks=\toks26
\@floatcapt=\box58
) (/usr/local/texlive/2023/texmf-dist/tex/latex/tablefootnote/tablefootnote.sty
Package: tablefootnote 2014/01/26 v1.1c Table foot notes (HMM)
 (/usr/local/texlive/2023/texmf-dist/tex/generic/ltxcmds/ltxcmds.sty
Package: ltxcmds 2020-05-10 v1.25 LaTeX kernel commands for general use (HO)
) (/usr/local/texlive/2023/texmf-dist/tex/latex/letltxmacro/letltxmacro.sty
Package: letltxmacro 2019/12/03 v1.6 Let assignment for LaTeX macros (HO)
) (/usr/local/texlive/2023/texmf-dist/tex/latex/xifthen/xifthen.sty
Package: xifthen 2015/11/05 v1.4.0 Extended ifthen features
 (/usr/local/texlive/2023/texmf-dist/tex/latex/tools/calc.sty
Package: calc 2017/05/25 v4.3 Infix arithmetic (KKT,FJ)
\calc@Acount=\count281
\calc@Bcount=\count282
\calc@Adimen=\dimen159
\calc@Bdimen=\dimen160
\calc@Askip=\skip55
\calc@Bskip=\skip56
LaTeX Info: Redefining \setlength on input line 80.
LaTeX Info: Redefining \addtolength on input line 81.
\calc@Ccount=\count283
\calc@Cskip=\skip57
) (/usr/local/texlive/2023/texmf-dist/tex/latex/base/ifthen.sty
Package: ifthen 2022/04/13 v1.1d Standard LaTeX ifthen package (DPC)
) (/usr/local/texlive/2023/texmf-dist/tex/latex/ifmtarg/ifmtarg.sty
Package: ifmtarg 2018/04/16 v1.2b check for an empty argument
)) (/usr/local/texlive/2023/texmf-dist/tex/latex/etoolbox/etoolbox.sty
Package: etoolbox 2020/10/05 v2.5k e-TeX tools for LaTeX (JAW)
\etb@tempcnta=\count284
)) (./iclr2024_conference.sty (/usr/local/texlive/2023/texmf-dist/tex/latex/eso-pic/eso-pic.sty
Package: eso-pic 2020/10/14 v3.0a eso-pic (RN)
\ESO@tempdima=\dimen161
\ESO@tempdimb=\dimen162
 (/usr/local/texlive/2023/texmf-dist/tex/latex/xcolor/xcolor.sty
Package: xcolor 2022/06/12 v2.14 LaTeX color extensions (UK)
 (/usr/local/texlive/2023/texmf-dist/tex/latex/graphics-cfg/color.cfg
File: color.cfg 2016/01/02 v1.6 sample color configuration
)
Package xcolor Info: Driver file: pdftex.def on input line 227.
 (/usr/local/texlive/2023/texmf-dist/tex/latex/graphics/mathcolor.ltx)
Package xcolor Info: Model `cmy' substituted by `cmy0' on input line 1353.
Package xcolor Info: Model `hsb' substituted by `rgb' on input line 1357.
Package xcolor Info: Model `RGB' extended on input line 1369.
Package xcolor Info: Model `HTML' substituted by `rgb' on input line 1371.
Package xcolor Info: Model `Hsb' substituted by `hsb' on input line 1372.
Package xcolor Info: Model `tHsb' substituted by `hsb' on input line 1373.
Package xcolor Info: Model `HSB' substituted by `hsb' on input line 1374.
Package xcolor Info: Model `Gray' substituted by `gray' on input line 1375.
Package xcolor Info: Model `wave' substituted by `hsb' on input line 1376.
)) (./fancyhdr.sty
\fancy@headwidth=\skip58
\f@ncyO@elh=\skip59
\f@ncyO@erh=\skip60
\f@ncyO@olh=\skip61
\f@ncyO@orh=\skip62
\f@ncyO@elf=\skip63
\f@ncyO@erf=\skip64
\f@ncyO@olf=\skip65
\f@ncyO@orf=\skip66
) (./natbib.sty
Package: natbib 2009/07/16 8.31 (PWD, AO)
\bibhang=\skip67
\bibsep=\skip68
LaTeX Info: Redefining \cite on input line 694.
\c@NAT@ctr=\count285
)) (/usr/local/texlive/2023/texmf-dist/tex/latex/psnfss/times.sty
Package: times 2020/03/25 PSNFSS-v9.3 (SPQR) 
) (/usr/local/texlive/2023/texmf-dist/tex/latex/hyperref/hyperref.sty
Package: hyperref 2023-02-07 v7.00v Hypertext links for LaTeX
 (/usr/local/texlive/2023/texmf-dist/tex/generic/iftex/iftex.sty
Package: iftex 2022/02/03 v1.0f TeX engine tests
) (/usr/local/texlive/2023/texmf-dist/tex/generic/pdftexcmds/pdftexcmds.sty
Package: pdftexcmds 2020-06-27 v0.33 Utility functions of pdfTeX for LuaTeX (HO)
 (/usr/local/texlive/2023/texmf-dist/tex/generic/infwarerr/infwarerr.sty
Package: infwarerr 2019/12/03 v1.5 Providing info/warning/error messages (HO)
)
Package pdftexcmds Info: \pdf@primitive is available.
Package pdftexcmds Info: \pdf@ifprimitive is available.
Package pdftexcmds Info: \pdfdraftmode found.
) (/usr/local/texlive/2023/texmf-dist/tex/latex/kvsetkeys/kvsetkeys.sty
Package: kvsetkeys 2022-10-05 v1.19 Key value parser (HO)
) (/usr/local/texlive/2023/texmf-dist/tex/generic/kvdefinekeys/kvdefinekeys.sty
Package: kvdefinekeys 2019-12-19 v1.6 Define keys (HO)
) (/usr/local/texlive/2023/texmf-dist/tex/generic/pdfescape/pdfescape.sty
Package: pdfescape 2019/12/09 v1.15 Implements pdfTeX's escape features (HO)
) (/usr/local/texlive/2023/texmf-dist/tex/latex/hycolor/hycolor.sty
Package: hycolor 2020-01-27 v1.10 Color options for hyperref/bookmark (HO)
) (/usr/local/texlive/2023/texmf-dist/tex/latex/auxhook/auxhook.sty
Package: auxhook 2019-12-17 v1.6 Hooks for auxiliary files (HO)
) (/usr/local/texlive/2023/texmf-dist/tex/latex/hyperref/nameref.sty
Package: nameref 2022-05-17 v2.50 Cross-referencing by name of section
 (/usr/local/texlive/2023/texmf-dist/tex/latex/refcount/refcount.sty
Package: refcount 2019/12/15 v3.6 Data extraction from label references (HO)
) (/usr/local/texlive/2023/texmf-dist/tex/generic/gettitlestring/gettitlestring.sty
Package: gettitlestring 2019/12/15 v1.6 Cleanup title references (HO)
 (/usr/local/texlive/2023/texmf-dist/tex/latex/kvoptions/kvoptions.sty
Package: kvoptions 2022-06-15 v3.15 Key value format for package options (HO)
))
\c@section@level=\count286
)
\@linkdim=\dimen163
\Hy@linkcounter=\count287
\Hy@pagecounter=\count288
 (/usr/local/texlive/2023/texmf-dist/tex/latex/hyperref/pd1enc.def
File: pd1enc.def 2023-02-07 v7.00v Hyperref: PDFDocEncoding definition (HO)
Now handling font encoding PD1 ...
... no UTF-8 mapping file for font encoding PD1
) (/usr/local/texlive/2023/texmf-dist/tex/generic/intcalc/intcalc.sty
Package: intcalc 2019/12/15 v1.3 Expandable calculations with integers (HO)
) (/usr/local/texlive/2023/texmf-dist/tex/generic/etexcmds/etexcmds.sty
Package: etexcmds 2019/12/15 v1.7 Avoid name clashes with e-TeX commands (HO)
)
\Hy@SavedSpaceFactor=\count289
 (/usr/local/texlive/2023/texmf-dist/tex/latex/hyperref/puenc.def
File: puenc.def 2023-02-07 v7.00v Hyperref: PDF Unicode definition (HO)
Now handling font encoding PU ...
... no UTF-8 mapping file for font encoding PU
)
Package hyperref Info: Hyper figures OFF on input line 4177.
Package hyperref Info: Link nesting OFF on input line 4182.
Package hyperref Info: Hyper index ON on input line 4185.
Package hyperref Info: Plain pages OFF on input line 4192.
Package hyperref Info: Backreferencing OFF on input line 4197.
Package hyperref Info: Implicit mode ON; LaTeX internals redefined.
Package hyperref Info: Bookmarks ON on input line 4425.
\c@Hy@tempcnt=\count290
 (/usr/local/texlive/2023/texmf-dist/tex/latex/url/url.sty
\Urlmuskip=\muskip17
Package: url 2013/09/16  ver 3.4  Verb mode for urls, etc.
)
LaTeX Info: Redefining \url on input line 4763.
\XeTeXLinkMargin=\dimen164
 (/usr/local/texlive/2023/texmf-dist/tex/generic/bitset/bitset.sty
Package: bitset 2019/12/09 v1.3 Handle bit-vector datatype (HO)
 (/usr/local/texlive/2023/texmf-dist/tex/generic/bigintcalc/bigintcalc.sty
Package: bigintcalc 2019/12/15 v1.5 Expandable calculations on big integers (HO)
))
\Fld@menulength=\count291
\Field@Width=\dimen165
\Fld@charsize=\dimen166
Package hyperref Info: Hyper figures OFF on input line 6042.
Package hyperref Info: Link nesting OFF on input line 6047.
Package hyperref Info: Hyper index ON on input line 6050.
Package hyperref Info: backreferencing OFF on input line 6057.
Package hyperref Info: Link coloring OFF on input line 6062.
Package hyperref Info: Link coloring with OCG OFF on input line 6067.
Package hyperref Info: PDF/A mode OFF on input line 6072.
 (/usr/local/texlive/2023/texmf-dist/tex/latex/base/atbegshi-ltx.sty
Package: atbegshi-ltx 2021/01/10 v1.0c Emulation of the original atbegshi
package with kernel methods
)
\Hy@abspage=\count292
\c@Item=\count293
\c@Hfootnote=\count294
)
Package hyperref Info: Driver (autodetected): hpdftex.
 (/usr/local/texlive/2023/texmf-dist/tex/latex/hyperref/hpdftex.def
File: hpdftex.def 2023-02-07 v7.00v Hyperref driver for pdfTeX
 (/usr/local/texlive/2023/texmf-dist/tex/latex/base/atveryend-ltx.sty
Package: atveryend-ltx 2020/08/19 v1.0a Emulation of the original atveryend package
with kernel methods
)
\Fld@listcount=\count295
\c@bookmark@seq@number=\count296
 (/usr/local/texlive/2023/texmf-dist/tex/latex/rerunfilecheck/rerunfilecheck.sty
Package: rerunfilecheck 2022-07-10 v1.10 Rerun checks for auxiliary files (HO)
 (/usr/local/texlive/2023/texmf-dist/tex/generic/uniquecounter/uniquecounter.sty
Package: uniquecounter 2019/12/15 v1.4 Provide unlimited unique counter (HO)
)
Package uniquecounter Info: New unique counter `rerunfilecheck' on input line 285.
)
\Hy@SectionHShift=\skip69
)
LaTeX Font Info:    Trying to load font information for OT1+ptm on input line 20.
 (/usr/local/texlive/2023/texmf-dist/tex/latex/psnfss/ot1ptm.fd
File: ot1ptm.fd 2001/06/04 font definitions for OT1/ptm.
) (/usr/local/texlive/2023/texmf-dist/tex/latex/l3backend/l3backend-pdftex.def
File: l3backend-pdftex.def 2023-01-16 L3 backend support: PDF output (pdfTeX)
\l__color_backend_stack_int=\count297
\l__pdf_internal_box=\box59
) (./main.aux)
\openout1 = `main.aux'.

LaTeX Font Info:    Checking defaults for OML/cmm/m/it on input line 20.
LaTeX Font Info:    ... okay on input line 20.
LaTeX Font Info:    Checking defaults for OMS/cmsy/m/n on input line 20.
LaTeX Font Info:    ... okay on input line 20.
LaTeX Font Info:    Checking defaults for OT1/cmr/m/n on input line 20.
LaTeX Font Info:    ... okay on input line 20.
LaTeX Font Info:    Checking defaults for T1/cmr/m/n on input line 20.
LaTeX Font Info:    ... okay on input line 20.
LaTeX Font Info:    Checking defaults for TS1/cmr/m/n on input line 20.
LaTeX Font Info:    ... okay on input line 20.
LaTeX Font Info:    Checking defaults for OMX/cmex/m/n on input line 20.
LaTeX Font Info:    ... okay on input line 20.
LaTeX Font Info:    Checking defaults for U/cmr/m/n on input line 20.
LaTeX Font Info:    ... okay on input line 20.
LaTeX Font Info:    Checking defaults for PD1/pdf/m/n on input line 20.
LaTeX Font Info:    ... okay on input line 20.
LaTeX Font Info:    Checking defaults for PU/pdf/m/n on input line 20.
LaTeX Font Info:    ... okay on input line 20.
 (/usr/local/texlive/2023/texmf-dist/tex/context/base/mkii/supp-pdf.mkii
[Loading MPS to PDF converter (version 2006.09.02).]
\scratchcounter=\count298
\scratchdimen=\dimen167
\scratchbox=\box60
\nofMPsegments=\count299
\nofMParguments=\count300
\everyMPshowfont=\toks27
\MPscratchCnt=\count301
\MPscratchDim=\dimen168
\MPnumerator=\count302
\makeMPintoPDFobject=\count303
\everyMPtoPDFconversion=\toks28
) (/usr/local/texlive/2023/texmf-dist/tex/latex/epstopdf-pkg/epstopdf-base.sty
Package: epstopdf-base 2020-01-24 v2.11 Base part for package epstopdf
Package epstopdf-base Info: Redefining graphics rule for `.eps' on input line 485.
 (/usr/local/texlive/2023/texmf-dist/tex/latex/latexconfig/epstopdf-sys.cfg
File: epstopdf-sys.cfg 2010/07/13 v1.3 Configuration of (r)epstopdf for TeX Live
))
\c@lstlisting=\count304
Package hyperref Info: Link coloring OFF on input line 20.
 (./main.out) (./main.out)
\@outlinefile=\write3
\openout3 = `main.out'.

 [1{/usr/local/texlive/2023/texmf-var/fonts/map/pdftex/updmap/pdftex.map}{/usr/local/texlive/2023/texmf-dist/fonts/enc/dvips/base/8r.enc}

]
Underfull \vbox (badness 10000) has occurred while \output is active []

 [2]
<figures/transformer_factor_graph.pdf, id=262, 1267.85669pt x 643.44388pt>
File: figures/transformer_factor_graph.pdf Graphic file (type pdf)
<use figures/transformer_factor_graph.pdf>
Package pdftex.def Info: figures/transformer_factor_graph.pdf  used on input line 72.
(pdftex.def)             Requested size: 397.48499pt x 201.72371pt.

Underfull \vbox (badness 10000) has occurred while \output is active []

 [3 <./figures/transformer_factor_graph.pdf>]
Underfull \hbox (badness 10000) in paragraph at lines 91--91
[]|\OT1/ptm/m/n/10 Self-
 []


Underfull \hbox (badness 10000) in paragraph at lines 95--95
[]|\OT1/ptm/m/n/10 Residual
 []


Underfull \hbox (badness 10000) in paragraph at lines 97--97
[]|\OT1/ptm/m/n/10 Encoder-
 []


Underfull \hbox (badness 10000) in paragraph at lines 97--97
\OT1/ptm/m/n/10 decoder
 []


Underfull \hbox (badness 10000) in paragraph at lines 99--99
[]|\OT1/ptm/m/n/10 Feed-
 []


Underfull \vbox (badness 10000) has occurred while \output is active []

 [4]
Underfull \vbox (badness 10000) has occurred while \output is active []

 [5] [6]
<figures/results_factor_graph_with_weights.pdf, id=359, 1267.85669pt x 850.13606pt>
File: figures/results_factor_graph_with_weights.pdf Graphic file (type pdf)
<use figures/results_factor_graph_with_weights.pdf>
Package pdftex.def Info: figures/results_factor_graph_with_weights.pdf  used on input line 163.
(pdftex.def)             Requested size: 397.48499pt x 266.52301pt.
 [7 <./figures/results_factor_graph_with_weights.pdf>] [8] [9] (./main.bbl
LaTeX Font Info:    Trying to load font information for OT1+pcr on input line 16.
 (/usr/local/texlive/2023/texmf-dist/tex/latex/psnfss/ot1pcr.fd
File: ot1pcr.fd 2001/06/04 font definitions for OT1/pcr.
) [10] [11] [12]) [13]

Package hyperref Warning: Token not allowed in a PDF string (Unicode):
(hyperref)                removing `math shift' on input line 302.


Package hyperref Warning: Token not allowed in a PDF string (Unicode):
(hyperref)                removing `\rightarrow' on input line 302.


Package hyperref Warning: Token not allowed in a PDF string (Unicode):
(hyperref)                removing `math shift' on input line 302.

<figures/inductive-encoder-decoder-connectivity.pdf, id=482, 1267.85669pt x 502.99919pt>
File: figures/inductive-encoder-decoder-connectivity.pdf Graphic file (type pdf)
<use figures/inductive-encoder-decoder-connectivity.pdf>
Package pdftex.def Info: figures/inductive-encoder-decoder-connectivity.pdf  used on input line 327.
(pdftex.def)             Requested size: 397.48499pt x 157.6934pt.
File: figures/transformer_factor_graph.pdf Graphic file (type pdf)
<use figures/transformer_factor_graph.pdf>
Package pdftex.def Info: figures/transformer_factor_graph.pdf  used on input line 337.
(pdftex.def)             Requested size: 397.48499pt x 201.72371pt.

Underfull \vbox (badness 5403) has occurred while \output is active []

 [14 <./figures/inductive-encoder-decoder-connectivity.pdf>]
<figures/from-open-universe-to-closed-universe.pdf, id=500, 1267.85669pt x 331.2375pt>
File: figures/from-open-universe-to-closed-universe.pdf Graphic file (type pdf)
<use figures/from-open-universe-to-closed-universe.pdf>
Package pdftex.def Info: figures/from-open-universe-to-closed-universe.pdf  used on input line 372.
(pdftex.def)             Requested size: 397.48499pt x 103.84503pt.

Underfull \vbox (badness 10000) has occurred while \output is active []

 [15] [16 <./figures/from-open-universe-to-closed-universe.pdf>]
File: figures/from-open-universe-to-closed-universe.pdf Graphic file (type pdf)
<use figures/from-open-universe-to-closed-universe.pdf>
Package pdftex.def Info: figures/from-open-universe-to-closed-universe.pdf  used on input line 417.
(pdftex.def)             Requested size: 397.48499pt x 103.84503pt.

Underfull \vbox (badness 10000) has occurred while \output is active []

 [17] [18] [19]

Package hyperref Warning: Token not allowed in a PDF string (Unicode):
(hyperref)                removing `math shift' on input line 559.


Package hyperref Warning: Token not allowed in a PDF string (Unicode):
(hyperref)                removing `\pi' on input line 559.


Package hyperref Warning: Token not allowed in a PDF string (Unicode):
(hyperref)                removing `math shift' on input line 559.

[20] [21]
<figures/categorical-bernoulli.pdf, id=593, 1267.85669pt x 392.42609pt>
File: figures/categorical-bernoulli.pdf Graphic file (type pdf)
<use figures/categorical-bernoulli.pdf>
Package pdftex.def Info: figures/categorical-bernoulli.pdf  used on input line 644.
(pdftex.def)             Requested size: 190.17029pt x 58.86136pt.
<figures/categorical-bernoulli-message-directions.pdf, id=595, 1267.85669pt x 455.78279pt>
File: figures/categorical-bernoulli-message-directions.pdf Graphic file (type pdf)
<use figures/categorical-bernoulli-message-directions.pdf>
Package pdftex.def Info: figures/categorical-bernoulli-message-directions.pdf  used on input line 673.
(pdftex.def)             Requested size: 190.17029pt x 68.36446pt.
 [22 <./figures/categorical-bernoulli.pdf> <./figures/categorical-bernoulli-message-directions.pdf>] [23]
Underfull \hbox (badness 10000) in paragraph at lines 767--768

 []


Underfull \hbox (badness 10000) in paragraph at lines 769--770

 []


Package hyperref Warning: Token not allowed in a PDF string (Unicode):
(hyperref)                removing `math shift' on input line 786.


Package hyperref Warning: Token not allowed in a PDF string (Unicode):
(hyperref)                removing `\land' on input line 786.


Package hyperref Warning: Token not allowed in a PDF string (Unicode):
(hyperref)                removing `math shift' on input line 786.

[24]

Package hyperref Warning: Token not allowed in a PDF string (Unicode):
(hyperref)                removing `math shift' on input line 832.


Package hyperref Warning: Token not allowed in a PDF string (Unicode):
(hyperref)                removing `\land' on input line 832.


Package hyperref Warning: Token not allowed in a PDF string (Unicode):
(hyperref)                removing `math shift' on input line 832.

[25]

Package hyperref Warning: Token not allowed in a PDF string (Unicode):
(hyperref)                removing `math shift' on input line 846.


Package hyperref Warning: Token not allowed in a PDF string (Unicode):
(hyperref)                removing `\pi' on input line 846.


Package hyperref Warning: Token not allowed in a PDF string (Unicode):
(hyperref)                removing `math shift' on input line 846.

[26] [27] [28]

Package hyperref Warning: Token not allowed in a PDF string (Unicode):
(hyperref)                removing `math shift' on input line 936.


Package hyperref Warning: Token not allowed in a PDF string (Unicode):
(hyperref)                removing `\land' on input line 936.


Package hyperref Warning: Token not allowed in a PDF string (Unicode):
(hyperref)                removing `math shift' on input line 936.

[29] [30] (./main.aux)
Package rerunfilecheck Info: File `main.out' has not changed.
(rerunfilecheck)             Checksum: 2823AFDDD70C48F749A3C2589E8C6077;6125.
 ) 
Here is how much of TeX's memory you used:
 12827 strings out of 476025
 201047 string characters out of 5790016
 1869388 words of memory out of 5000000
 32868 multiletter control sequences out of 15000+600000
 540076 words of font info for 80 fonts, out of 8000000 for 9000
 1141 hyphenation exceptions out of 8191
 75i,17n,76p,1697b,669s stack positions out of 10000i,1000n,20000p,200000b,200000s
</usr/local/texlive/2023/texmf-dist/fonts/type1/public/amsfonts/cm/cmex10.pfb></usr/local/texlive/2023/texmf-dist/fonts/type1/public/amsfonts/cm/cmmi10.pfb></usr/local/texlive/2023/texmf-dist/fonts/type1/public/amsfonts/cm/cmmi5.pfb></usr/local/texlive/2023/texmf-dist/fonts/type1/public/amsfonts/cm/cmmi7.pfb></usr/local/texlive/2023/texmf-dist/fonts/type1/public/amsfonts/cm/cmr10.pfb></usr/local/texlive/2023/texmf-dist/fonts/type1/public/amsfonts/cm/cmr5.pfb></usr/local/texlive/2023/texmf-dist/fonts/type1/public/amsfonts/cm/cmr7.pfb></usr/local/texlive/2023/texmf-dist/fonts/type1/public/amsfonts/cm/cmsy10.pfb></usr/local/texlive/2023/texmf-dist/fonts/type1/public/amsfonts/cm/cmsy5.pfb></usr/local/texlive/2023/texmf-dist/fonts/type1/public/amsfonts/cm/cmsy7.pfb></usr/local/texlive/2023/texmf-dist/fonts/type1/urw/courier/ucrr8a.pfb></usr/local/texlive/2023/texmf-dist/fonts/type1/urw/times/utmb8a.pfb></usr/local/texlive/2023/texmf-dist/fonts/type1/urw/times/utmr8a.pfb></usr/local/texlive/2023/texmf-dist/fonts/type1/urw/times/utmri8a.pfb>
Output written on main.pdf (30 pages, 517936 bytes).
PDF statistics:
 831 PDF objects out of 1000 (max. 8388607)
 730 compressed objects within 8 object streams
 215 named destinations out of 1000 (max. 500000)
 247 words of extra memory for PDF output out of 10000 (max. 10000000)

